Using pre-set license

 COMMAND LINE ARGUMENTS:
/Applications/Unity/Hub/Editor/2020.2.4f1/Unity.app/Contents/MacOS/Unity
-adb2
-batchMode
-noUpm
-name
AssetImportWorker0
-projectPath
/Users/DK 1/Documents/GitHub/3667-Spring-2023/Spring2023
-logFile
Logs/AssetImportWorker0.log
-srvPort
56050
Successfully changed project path to: /Users/DK 1/Documents/GitHub/3667-Spring-2023/Spring2023
/Users/DK 1/Documents/GitHub/3667-Spring-2023/Spring2023
Using Asset Import Pipeline V2.
Refreshing native plugins compatible for Editor in 95.48 ms, found 2 plugins.
Preloading 0 native plugins for Editor in 0.00 ms.
Initialize engine version: 2020.2.4f1 (becced5a802b)
[Subsystems] Discovering subsystems at path /Applications/Unity/Hub/Editor/2020.2.4f1/Unity.app/Contents/Resources/UnitySubsystems
[Subsystems] Discovering subsystems at path /Users/DK 1/Documents/GitHub/3667-Spring-2023/Spring2023/Assets
GfxDevice: creating device client; threaded=0
2023-04-27 11:15:08.273 Unity[70914:2084524] Crestron preferred device: Intel(R) Iris(TM) Graphics 6000 (low power)
2023-04-27 11:15:08.273 Unity[70914:2084524] Metal devices available: 1
2023-04-27 11:15:08.274 Unity[70914:2084524] 0: Intel(R) Iris(TM) Graphics 6000 (low power)
2023-04-27 11:15:08.275 Unity[70914:2084524] Using device Intel(R) Iris(TM) Graphics 6000 (low power)
Initializing Metal device caps: Intel(R) Iris(TM) Graphics 6000
Initialize mono
Mono path[0] = '/Applications/Unity/Hub/Editor/2020.2.4f1/Unity.app/Contents/Managed'
Mono path[1] = '/Applications/Unity/Hub/Editor/2020.2.4f1/Unity.app/Contents/MonoBleedingEdge/lib/mono/unityjit'
Mono config path = '/Applications/Unity/Hub/Editor/2020.2.4f1/Unity.app/Contents/MonoBleedingEdge/etc'
Using monoOptions --debugger-agent=transport=dt_socket,embedding=1,server=y,suspend=n,address=127.0.0.1:56914
Begin MonoManager ReloadAssembly
Registering precompiled unity dll's ...
Register platform support module: /Applications/Unity/Hub/Editor/2020.2.4f1/PlaybackEngines/WebGLSupport/UnityEditor.WebGL.Extensions.dll
Register platform support module: /Applications/Unity/Hub/Editor/2020.2.4f1/Unity.app/Contents/PlaybackEngines/MacStandaloneSupport/UnityEditor.OSXStandalone.Extensions.dll
Registered in 0.013919 seconds.
Native extension for OSXStandalone target not found
Native extension for WebGL target not found
Refreshing native plugins compatible for Editor in 71.96 ms, found 2 plugins.
Preloading 0 native plugins for Editor in 0.00 ms.
Invoked RoslynAnalysisRunner static constructor.
RoslynAnalysisRunner will not be running.
RoslynAnalysisRunner has terminated.
Mono: successfully reloaded assembly
- Completed reload, in  6.008 seconds
Platform modules already initialized, skipping
Registering precompiled user dll's ...
Registered in 0.006589 seconds.
Begin MonoManager ReloadAssembly
Native extension for OSXStandalone target not found
Native extension for WebGL target not found
Refreshing native plugins compatible for Editor in 74.85 ms, found 2 plugins.
Preloading 0 native plugins for Editor in 0.00 ms.
Invoked RoslynAnalysisRunner static constructor.
RoslynAnalysisRunner will not be running.
RoslynAnalysisRunner has terminated.
Mono: successfully reloaded assembly
- Completed reload, in  1.910 seconds
Platform modules already initialized, skipping
========================================================================
Worker process is ready to serve import requests
Launching external process: /Applications/Unity/Hub/Editor/2020.2.4f1/Unity.app/Contents/Tools/UnityShaderCompiler
Launched and connected shader compiler UnityShaderCompiler after 0.07 seconds
Refreshing native plugins compatible for Editor in 0.91 ms, found 2 plugins.
Preloading 0 native plugins for Editor in 0.00 ms.
Unloading 1937 Unused Serialized files (Serialized files now loaded: 0)
System memory in use before: 158.8 MB.
System memory in use after: 158.3 MB.

Unloading 26 unused Assets to reduce memory usage. Loaded Objects now: 2383.
Total: 6.387145 ms (FindLiveObjects: 0.461316 ms CreateObjectMapping: 0.182995 ms MarkObjects: 2.706616 ms  DeleteObjects: 2.993825 ms)

========================================================================
Received Import Request.
  path: Assets/Standard Assets/2D/Scripts/marioIdleApr26.png
  artifactKey: Guid(bf60063a15ddf435bbe7d372c593b1a0) Importer(815301076,1909f56bfc062723c751e8b465ee728b)
Start importing Assets/Standard Assets/2D/Scripts/marioIdleApr26.png using Guid(bf60063a15ddf435bbe7d372c593b1a0) Importer(815301076,1909f56bfc062723c751e8b465ee728b)  -> (artifact id: '1345c17a9098aa22f112bbb78aa253b7') in 0.494298 seconds
  Import took 0.503119 seconds .

========================================================================
Received Import Request.
  Time since last request: 0.000433 seconds.
  path: Assets/Standard Assets/2D/Scripts/marioJumpApr26.png
  artifactKey: Guid(9d7279b9022824528a7b355350e6c26d) Importer(815301076,1909f56bfc062723c751e8b465ee728b)
Start importing Assets/Standard Assets/2D/Scripts/marioJumpApr26.png using Guid(9d7279b9022824528a7b355350e6c26d) Importer(815301076,1909f56bfc062723c751e8b465ee728b)  -> (artifact id: '6b4e312a13e0eaebb82e714318ff005f') in 0.018803 seconds
  Import took 0.037641 seconds .

========================================================================
Received Import Request.
  Time since last request: 0.000814 seconds.
  path: Assets/Standard Assets/2D/Scripts/marioRunApr26.png
  artifactKey: Guid(0409cd072a40e464dbf15000230d7198) Importer(815301076,1909f56bfc062723c751e8b465ee728b)
Start importing Assets/Standard Assets/2D/Scripts/marioRunApr26.png using Guid(0409cd072a40e464dbf15000230d7198) Importer(815301076,1909f56bfc062723c751e8b465ee728b)  -> (artifact id: '1354aaa032b333236ac2151974b5ab77') in 0.023526 seconds
  Import took 0.036000 seconds .

========================================================================
Received Import Request.
  Time since last request: 193.747229 seconds.
  path: Assets/Standard Assets/2D/Scripts/marioIdleApr26.png
  artifactKey: Guid(bf60063a15ddf435bbe7d372c593b1a0) Importer(815301076,1909f56bfc062723c751e8b465ee728b)
Start importing Assets/Standard Assets/2D/Scripts/marioIdleApr26.png using Guid(bf60063a15ddf435bbe7d372c593b1a0) Importer(815301076,1909f56bfc062723c751e8b465ee728b)  -> (artifact id: 'ea0157737065b5d52624117a78c327d1') in 0.013040 seconds
  Import took 0.034089 seconds .

========================================================================
Received Import Request.
  Time since last request: 18.147578 seconds.
  path: Assets/Standard Assets/2D/Scripts/marioIdleApr26.png
  artifactKey: Guid(bf60063a15ddf435bbe7d372c593b1a0) Importer(815301076,1909f56bfc062723c751e8b465ee728b)
Start importing Assets/Standard Assets/2D/Scripts/marioIdleApr26.png using Guid(bf60063a15ddf435bbe7d372c593b1a0) Importer(815301076,1909f56bfc062723c751e8b465ee728b)  -> (artifact id: '5864b3c245910159e734580d8f1173f7') in 0.058137 seconds
  Import took 0.067829 seconds .

========================================================================
Received Prepare
Registering precompiled user dll's ...
Registered in 0.003749 seconds.
Begin MonoManager ReloadAssembly
Native extension for OSXStandalone target not found
Native extension for WebGL target not found
Refreshing native plugins compatible for Editor in 0.59 ms, found 2 plugins.
Preloading 0 native plugins for Editor in 0.00 ms.
Invoked RoslynAnalysisRunner static constructor.
RoslynAnalysisRunner will not be running.
RoslynAnalysisRunner has terminated.
Mono: successfully reloaded assembly
- Completed reload, in  1.785 seconds
Platform modules already initialized, skipping
Refreshing native plugins compatible for Editor in 0.85 ms, found 2 plugins.
Preloading 0 native plugins for Editor in 0.00 ms.
Unloading 1913 Unused Serialized files (Serialized files now loaded: 0)
System memory in use before: 165.4 MB.
System memory in use after: 164.9 MB.

Unloading 14 unused Assets to reduce memory usage. Loaded Objects now: 2402.
Total: 6.591243 ms (FindLiveObjects: 0.616190 ms CreateObjectMapping: 0.172315 ms MarkObjects: 4.405333 ms  DeleteObjects: 1.395050 ms)

========================================================================
Received Import Request.
  Time since last request: 69.785496 seconds.
  path: Assets/Standard Assets/2D/Scripts/marioRunApr26.png
  artifactKey: Guid(0409cd072a40e464dbf15000230d7198) Importer(815301076,1909f56bfc062723c751e8b465ee728b)
Start importing Assets/Standard Assets/2D/Scripts/marioRunApr26.png using Guid(0409cd072a40e464dbf15000230d7198) Importer(815301076,1909f56bfc062723c751e8b465ee728b)  -> (artifact id: '4b49525760cc4b5087d066747f176725') in 0.071930 seconds
  Import took 0.084297 seconds .

========================================================================
Received Import Request.
  Time since last request: 2.688975 seconds.
  path: Assets/Standard Assets/2D/Scripts/marioRunApr26.png
  artifactKey: Guid(0409cd072a40e464dbf15000230d7198) Importer(815301076,1909f56bfc062723c751e8b465ee728b)
Start importing Assets/Standard Assets/2D/Scripts/marioRunApr26.png using Guid(0409cd072a40e464dbf15000230d7198) Importer(815301076,1909f56bfc062723c751e8b465ee728b)  -> (artifact id: 'ba07530b137a1daaf75001132ed8d0e7') in 0.095676 seconds
  Import took 0.102881 seconds .

========================================================================
Received Prepare
Registering precompiled user dll's ...
Registered in 0.003360 seconds.
Begin MonoManager ReloadAssembly
Native extension for OSXStandalone target not found
Native extension for WebGL target not found
Refreshing native plugins compatible for Editor in 0.73 ms, found 2 plugins.
Preloading 0 native plugins for Editor in 0.00 ms.
Invoked RoslynAnalysisRunner static constructor.
RoslynAnalysisRunner will not be running.
RoslynAnalysisRunner has terminated.
Mono: successfully reloaded assembly
- Completed reload, in  1.649 seconds
Platform modules already initialized, skipping
Refreshing native plugins compatible for Editor in 0.84 ms, found 2 plugins.
Preloading 0 native plugins for Editor in 0.00 ms.
Unloading 1913 Unused Serialized files (Serialized files now loaded: 0)
System memory in use before: 165.8 MB.
System memory in use after: 165.3 MB.

Unloading 14 unused Assets to reduce memory usage. Loaded Objects now: 2416.
Total: 4.960446 ms (FindLiveObjects: 0.375650 ms CreateObjectMapping: 0.109910 ms MarkObjects: 3.332083 ms  DeleteObjects: 1.140370 ms)

========================================================================
Received Import Request.
  Time since last request: 53.954964 seconds.
  path: Assets/Standard Assets/2D/Scripts/marioJumpApr26.png
  artifactKey: Guid(9d7279b9022824528a7b355350e6c26d) Importer(815301076,1909f56bfc062723c751e8b465ee728b)
Start importing Assets/Standard Assets/2D/Scripts/marioJumpApr26.png using Guid(9d7279b9022824528a7b355350e6c26d) Importer(815301076,1909f56bfc062723c751e8b465ee728b)  -> (artifact id: '89570d36035ab0ec127679842649150c') in 0.071588 seconds
  Import took 0.078020 seconds .

========================================================================
Received Import Request.
  Time since last request: 2.466612 seconds.
  path: Assets/Standard Assets/2D/Scripts/marioJumpApr26.png
  artifactKey: Guid(9d7279b9022824528a7b355350e6c26d) Importer(815301076,1909f56bfc062723c751e8b465ee728b)
Start importing Assets/Standard Assets/2D/Scripts/marioJumpApr26.png using Guid(9d7279b9022824528a7b355350e6c26d) Importer(815301076,1909f56bfc062723c751e8b465ee728b)  -> (artifact id: '2a0bbea0889387c5c9b9927db51644a9') in 0.110745 seconds
  Import took 0.118981 seconds .

========================================================================
Received Prepare
Registering precompiled user dll's ...
Registered in 0.003923 seconds.
Begin MonoManager ReloadAssembly
Native extension for OSXStandalone target not found
Native extension for WebGL target not found
Refreshing native plugins compatible for Editor in 0.51 ms, found 2 plugins.
Preloading 0 native plugins for Editor in 0.00 ms.
Invoked RoslynAnalysisRunner static constructor.
RoslynAnalysisRunner will not be running.
RoslynAnalysisRunner has terminated.
Mono: successfully reloaded assembly
- Completed reload, in  1.617 seconds
Platform modules already initialized, skipping
Refreshing native plugins compatible for Editor in 0.91 ms, found 2 plugins.
Preloading 0 native plugins for Editor in 0.00 ms.
Unloading 1913 Unused Serialized files (Serialized files now loaded: 0)
System memory in use before: 166.2 MB.
System memory in use after: 165.8 MB.

Unloading 14 unused Assets to reduce memory usage. Loaded Objects now: 2438.
Total: 6.172795 ms (FindLiveObjects: 0.464345 ms CreateObjectMapping: 0.155445 ms MarkObjects: 3.929247 ms  DeleteObjects: 1.617340 ms)

========================================================================
Received Import Request.
  Time since last request: 254.059136 seconds.
  path: Assets/Standard Assets/2D/Scripts/marioIdleApr26_0.controller
  artifactKey: Guid(368813012e06b41a7a9656bffd9bf32c) Importer(815301076,1909f56bfc062723c751e8b465ee728b)
Start importing Assets/Standard Assets/2D/Scripts/marioIdleApr26_0.controller using Guid(368813012e06b41a7a9656bffd9bf32c) Importer(815301076,1909f56bfc062723c751e8b465ee728b)  -> (artifact id: '4387c71d700bcbe92760697927ae74b8') in 0.235273 seconds
  Import took 0.249565 seconds .

========================================================================
Received Prepare
Registering precompiled user dll's ...
Registered in 0.004679 seconds.
Begin MonoManager ReloadAssembly
Native extension for OSXStandalone target not found
Native extension for WebGL target not found
Refreshing native plugins compatible for Editor in 0.59 ms, found 2 plugins.
Preloading 0 native plugins for Editor in 0.00 ms.
Invoked RoslynAnalysisRunner static constructor.
RoslynAnalysisRunner will not be running.
RoslynAnalysisRunner has terminated.
Mono: successfully reloaded assembly
- Completed reload, in  1.727 seconds
Platform modules already initialized, skipping
Refreshing native plugins compatible for Editor in 0.55 ms, found 2 plugins.
Preloading 0 native plugins for Editor in 0.00 ms.
Unloading 1913 Unused Serialized files (Serialized files now loaded: 0)
System memory in use before: 170.6 MB.
System memory in use after: 170.1 MB.

Unloading 14 unused Assets to reduce memory usage. Loaded Objects now: 2441.
Total: 12.714964 ms (FindLiveObjects: 0.711665 ms CreateObjectMapping: 0.217062 ms MarkObjects: 10.109403 ms  DeleteObjects: 1.674068 ms)

========================================================================
Received Prepare
Registering precompiled user dll's ...
Registered in 0.006288 seconds.
Begin MonoManager ReloadAssembly
Native extension for OSXStandalone target not found
Native extension for WebGL target not found
Refreshing native plugins compatible for Editor in 4.90 ms, found 2 plugins.
Preloading 0 native plugins for Editor in 0.00 ms.
Invoked RoslynAnalysisRunner static constructor.
RoslynAnalysisRunner will not be running.
RoslynAnalysisRunner has terminated.
Mono: successfully reloaded assembly
- Completed reload, in  4.750 seconds
Platform modules already initialized, skipping
Refreshing native plugins compatible for Editor in 1.01 ms, found 2 plugins.
Preloading 0 native plugins for Editor in 0.00 ms.
Unloading 1913 Unused Serialized files (Serialized files now loaded: 0)
System memory in use before: 170.8 MB.
System memory in use after: 170.4 MB.

Unloading 14 unused Assets to reduce memory usage. Loaded Objects now: 2444.
Total: 4.553282 ms (FindLiveObjects: 0.387560 ms CreateObjectMapping: 0.167823 ms MarkObjects: 2.827014 ms  DeleteObjects: 1.167329 ms)

========================================================================
Received Prepare
Registering precompiled user dll's ...
Registered in 0.006760 seconds.
Begin MonoManager ReloadAssembly
Native extension for OSXStandalone target not found
Native extension for WebGL target not found
Refreshing native plugins compatible for Editor in 0.64 ms, found 2 plugins.
Preloading 0 native plugins for Editor in 0.00 ms.
Invoked RoslynAnalysisRunner static constructor.
RoslynAnalysisRunner will not be running.
RoslynAnalysisRunner has terminated.
Mono: successfully reloaded assembly
- Completed reload, in  2.080 seconds
Platform modules already initialized, skipping
Refreshing native plugins compatible for Editor in 0.85 ms, found 2 plugins.
Preloading 0 native plugins for Editor in 0.00 ms.
Unloading 1913 Unused Serialized files (Serialized files now loaded: 0)
System memory in use before: 170.9 MB.
System memory in use after: 170.4 MB.

Unloading 14 unused Assets to reduce memory usage. Loaded Objects now: 2447.
Total: 5.397077 ms (FindLiveObjects: 0.647270 ms CreateObjectMapping: 0.170248 ms MarkObjects: 3.401740 ms  DeleteObjects: 1.175060 ms)

========================================================================
Received Prepare
Registering precompiled user dll's ...
Registered in 0.003342 seconds.
Begin MonoManager ReloadAssembly
Native extension for OSXStandalone target not found
Native extension for WebGL target not found
Refreshing native plugins compatible for Editor in 0.83 ms, found 2 plugins.
Preloading 0 native plugins for Editor in 0.00 ms.
Invoked RoslynAnalysisRunner static constructor.
RoslynAnalysisRunner will not be running.
RoslynAnalysisRunner has terminated.
Mono: successfully reloaded assembly
- Completed reload, in  2.714 seconds
Platform modules already initialized, skipping
Refreshing native plugins compatible for Editor in 2.16 ms, found 2 plugins.
Preloading 0 native plugins for Editor in 0.00 ms.
Unloading 1913 Unused Serialized files (Serialized files now loaded: 0)
System memory in use before: 171.1 MB.
System memory in use after: 170.6 MB.

Unloading 14 unused Assets to reduce memory usage. Loaded Objects now: 2450.
Total: 13.082163 ms (FindLiveObjects: 1.113948 ms CreateObjectMapping: 0.496346 ms MarkObjects: 8.751590 ms  DeleteObjects: 2.714811 ms)

========================================================================
Received Prepare
Registering precompiled user dll's ...
Registered in 0.001039 seconds.
Begin MonoManager ReloadAssembly
Native extension for OSXStandalone target not found
Native extension for WebGL target not found
Refreshing native plugins compatible for Editor in 0.67 ms, found 2 plugins.
Preloading 0 native plugins for Editor in 0.00 ms.
Invoked RoslynAnalysisRunner static constructor.
RoslynAnalysisRunner will not be running.
RoslynAnalysisRunner has terminated.
Mono: successfully reloaded assembly
- Completed reload, in  1.572 seconds
Platform modules already initialized, skipping
Refreshing native plugins compatible for Editor in 0.98 ms, found 2 plugins.
Preloading 0 native plugins for Editor in 0.00 ms.
Unloading 1913 Unused Serialized files (Serialized files now loaded: 0)
System memory in use before: 171.3 MB.
System memory in use after: 170.8 MB.

Unloading 14 unused Assets to reduce memory usage. Loaded Objects now: 2453.
Total: 7.089677 ms (FindLiveObjects: 0.794837 ms CreateObjectMapping: 0.184328 ms MarkObjects: 4.555357 ms  DeleteObjects: 1.551033 ms)

========================================================================
Received Prepare
Registering precompiled user dll's ...
Registered in 0.003848 seconds.
Begin MonoManager ReloadAssembly
Native extension for OSXStandalone target not found
Native extension for WebGL target not found
Refreshing native plugins compatible for Editor in 0.53 ms, found 2 plugins.
Preloading 0 native plugins for Editor in 0.00 ms.
Invoked RoslynAnalysisRunner static constructor.
RoslynAnalysisRunner will not be running.
RoslynAnalysisRunner has terminated.
Mono: successfully reloaded assembly
- Completed reload, in  1.535 seconds
Platform modules already initialized, skipping
Refreshing native plugins compatible for Editor in 1.34 ms, found 2 plugins.
Preloading 0 native plugins for Editor in 0.00 ms.
Unloading 1913 Unused Serialized files (Serialized files now loaded: 0)
System memory in use before: 171.5 MB.
System memory in use after: 171.0 MB.

Unloading 14 unused Assets to reduce memory usage. Loaded Objects now: 2456.
Total: 4.529479 ms (FindLiveObjects: 0.380337 ms CreateObjectMapping: 0.091438 ms MarkObjects: 3.044558 ms  DeleteObjects: 1.011312 ms)

========================================================================
Received Prepare
Registering precompiled user dll's ...
Registered in 0.003718 seconds.
Begin MonoManager ReloadAssembly
Native extension for OSXStandalone target not found
Native extension for WebGL target not found
Refreshing native plugins compatible for Editor in 0.61 ms, found 2 plugins.
Preloading 0 native plugins for Editor in 0.00 ms.
Invoked RoslynAnalysisRunner static constructor.
RoslynAnalysisRunner will not be running.
RoslynAnalysisRunner has terminated.
Mono: successfully reloaded assembly
- Completed reload, in  1.804 seconds
Platform modules already initialized, skipping
Refreshing native plugins compatible for Editor in 0.87 ms, found 2 plugins.
Preloading 0 native plugins for Editor in 0.00 ms.
Unloading 1913 Unused Serialized files (Serialized files now loaded: 0)
System memory in use before: 171.7 MB.
System memory in use after: 171.2 MB.

Unloading 14 unused Assets to reduce memory usage. Loaded Objects now: 2459.
Total: 5.095611 ms (FindLiveObjects: 0.370492 ms CreateObjectMapping: 0.123755 ms MarkObjects: 3.498609 ms  DeleteObjects: 1.099920 ms)

========================================================================
Received Prepare
Registering precompiled user dll's ...
Registered in 0.001962 seconds.
Begin MonoManager ReloadAssembly
Native extension for OSXStandalone target not found
Native extension for WebGL target not found
Refreshing native plugins compatible for Editor in 0.58 ms, found 2 plugins.
Preloading 0 native plugins for Editor in 0.00 ms.
Invoked RoslynAnalysisRunner static constructor.
RoslynAnalysisRunner will not be running.
RoslynAnalysisRunner has terminated.
Mono: successfully reloaded assembly
- Completed reload, in  1.551 seconds
Platform modules already initialized, skipping
Refreshing native plugins compatible for Editor in 1.45 ms, found 2 plugins.
Preloading 0 native plugins for Editor in 0.00 ms.
Unloading 1913 Unused Serialized files (Serialized files now loaded: 0)
System memory in use before: 171.9 MB.
System memory in use after: 171.4 MB.

Unloading 14 unused Assets to reduce memory usage. Loaded Objects now: 2462.
Total: 12.727708 ms (FindLiveObjects: 1.603338 ms CreateObjectMapping: 0.730840 ms MarkObjects: 5.537239 ms  DeleteObjects: 4.853293 ms)

========================================================================
Received Prepare
Registering precompiled user dll's ...
Registered in 0.003217 seconds.
Begin MonoManager ReloadAssembly
Native extension for OSXStandalone target not found
Native extension for WebGL target not found
Refreshing native plugins compatible for Editor in 0.59 ms, found 2 plugins.
Preloading 0 native plugins for Editor in 0.00 ms.
Invoked RoslynAnalysisRunner static constructor.
RoslynAnalysisRunner will not be running.
RoslynAnalysisRunner has terminated.
Mono: successfully reloaded assembly
- Completed reload, in  1.577 seconds
Platform modules already initialized, skipping
Refreshing native plugins compatible for Editor in 0.82 ms, found 2 plugins.
Preloading 0 native plugins for Editor in 0.00 ms.
Unloading 1913 Unused Serialized files (Serialized files now loaded: 0)
System memory in use before: 172.1 MB.
System memory in use after: 171.6 MB.

Unloading 14 unused Assets to reduce memory usage. Loaded Objects now: 2465.
Total: 9.376936 ms (FindLiveObjects: 0.914948 ms CreateObjectMapping: 0.368375 ms MarkObjects: 6.382112 ms  DeleteObjects: 1.707929 ms)

